The following modules were not unloaded:
  (Use "module --force purge" to unload all):

  1) env/vsc/accelgor     3) env/software/accelgor
  2) env/slurm/accelgor   4) cluster/accelgor
                 :-) GROMACS - gmx grompp, 2021.3-MODIFIED (-:

                            GROMACS is written by:
     Andrey Alekseenko              Emile Apol              Rossen Apostolov     
         Paul Bauer           Herman J.C. Berendsen           Par Bjelkmar       
       Christian Blau           Viacheslav Bolnykh             Kevin Boyd        
     Aldert van Buuren           Rudi van Drunen             Anton Feenstra      
    Gilles Gouaillardet             Alan Gray               Gerrit Groenhof      
       Anca Hamuraru            Vincent Hindriksen          M. Eric Irrgang      
      Aleksei Iupinov           Christoph Junghans             Joe Jordan        
    Dimitrios Karkoulis            Peter Kasson                Jiri Kraus        
      Carsten Kutzner              Per Larsson              Justin A. Lemkul     
       Viveca Lindahl            Magnus Lundborg             Erik Marklund       
        Pascal Merz             Pieter Meulenhoff            Teemu Murtola       
        Szilard Pall               Sander Pronk              Roland Schulz       
       Michael Shirts            Alexey Shvetsov             Alfons Sijbers      
       Peter Tieleman              Jon Vincent              Teemu Virolainen     
     Christian Wennberg            Maarten Wolf              Artem Zhmurov       
                           and the project leaders:
        Mark Abraham, Berk Hess, Erik Lindahl, and David van der Spoel

Copyright (c) 1991-2000, University of Groningen, The Netherlands.
Copyright (c) 2001-2019, The GROMACS development team at
Uppsala University, Stockholm University and
the Royal Institute of Technology, Sweden.
check out http://www.gromacs.org for more information.

GROMACS is free software; you can redistribute it and/or modify it
under the terms of the GNU Lesser General Public License
as published by the Free Software Foundation; either version 2.1
of the License, or (at your option) any later version.

GROMACS:      gmx grompp, version 2021.3-MODIFIED
Executable:   /apps/gent/RHEL8/zen3-ampere-ib/software/GROMACS/2021.3-foss-2021a-CUDA-11.3.1/bin/gmx_mpi
Data prefix:  /apps/gent/RHEL8/zen3-ampere-ib/software/GROMACS/2021.3-foss-2021a-CUDA-11.3.1
Working dir:  /kyukon/scratch/gent/457/vsc45761/Q13698_apo/gromacs
Command line:
  gmx_mpi grompp -f step6.6_equilibration.mdp -o step6.6_equilibration.tpr -c step6.5_equilibration.gro -maxwarn 1 -p topol.top -n index.ndx -r step6.0_minimization.gro

Replacing old mdp entry 'nstxtcout' by 'nstxout-compressed'

NOTE 1 [file step6.6_equilibration.mdp]:
  The Berendsen thermostat does not generate the correct kinetic energy
  distribution. You might want to consider using the V-rescale thermostat.

Generating 1-4 interactions: fudge = 1
Number of degrees of freedom in T-Coupling group SOLU is 54072.96
Number of degrees of freedom in T-Coupling group MEMB is 102078.04
Number of degrees of freedom in T-Coupling group SOLV is 314613.00

There was 1 note

Back Off! I just backed up step6.6_equilibration.tpr to ./#step6.6_equilibration.tpr.1#

GROMACS reminds you: "I tend to consider myself as a scientist." (Emmanuelle Charpentier, when asked about the importance of two women sharing the Nobel Prize for Chemistry)

slurmstepd: error: *** JOB 15093228 ON node3901.accelgor.os CANCELLED AT 2023-10-16T21:14:33 DUE TO TIME LIMIT ***
