Setting the LD random seed to 2103164254

Generated 2008 of the 2016 non-bonded parameter combinations

Generated 1129 of the 2016 1-4 parameter combinations

Excluding 3 bonded neighbours molecule type 'PROA'

turning H bonds into constraints...

Excluding 1 bonded neighbours molecule type 'CAL'

turning H bonds into constraints...

Excluding 3 bonded neighbours molecule type 'POPC'

turning H bonds into constraints...

Excluding 1 bonded neighbours molecule type 'SOD'

turning H bonds into constraints...

Excluding 1 bonded neighbours molecule type 'CLA'

turning H bonds into constraints...

Excluding 2 bonded neighbours molecule type 'TIP3'

turning H bonds into constraints...

The center of mass of the position restraint coord's is  6.496  6.205  7.518

The center of mass of the position restraint coord's is  6.496  6.205  7.518

Determining Verlet buffer for a tolerance of 0.005 kJ/mol/ps at 310 K

Calculated rlist for 1x1 atom pair-list as 1.287 nm, buffer size 0.087 nm

Set rlist, assuming 4x4 atom pair-list, to 1.213 nm, buffer size 0.013 nm

Note that mdrun will redetermine rlist based on the actual pair-list setup
Calculating fourier grid dimensions for X Y Z
Using a fourier grid of 104x104x128, spacing 0.117 0.117 0.114

Estimate for the relative computational load of the PME mesh part: 0.16

This run will generate roughly 330 Mb of data
                  :-) GROMACS - gmx mdrun, 2021.3-MODIFIED (-:

                            GROMACS is written by:
     Andrey Alekseenko              Emile Apol              Rossen Apostolov     
         Paul Bauer           Herman J.C. Berendsen           Par Bjelkmar       
       Christian Blau           Viacheslav Bolnykh             Kevin Boyd        
     Aldert van Buuren           Rudi van Drunen             Anton Feenstra      
    Gilles Gouaillardet             Alan Gray               Gerrit Groenhof      
       Anca Hamuraru            Vincent Hindriksen          M. Eric Irrgang      
      Aleksei Iupinov           Christoph Junghans             Joe Jordan        
    Dimitrios Karkoulis            Peter Kasson                Jiri Kraus        
      Carsten Kutzner              Per Larsson              Justin A. Lemkul     
       Viveca Lindahl            Magnus Lundborg             Erik Marklund       
        Pascal Merz             Pieter Meulenhoff            Teemu Murtola       
        Szilard Pall               Sander Pronk              Roland Schulz       
       Michael Shirts            Alexey Shvetsov             Alfons Sijbers      
       Peter Tieleman              Jon Vincent              Teemu Virolainen     
     Christian Wennberg            Maarten Wolf              Artem Zhmurov       
                           and the project leaders:
        Mark Abraham, Berk Hess, Erik Lindahl, and David van der Spoel

Copyright (c) 1991-2000, University of Groningen, The Netherlands.
Copyright (c) 2001-2019, The GROMACS development team at
Uppsala University, Stockholm University and
the Royal Institute of Technology, Sweden.
check out http://www.gromacs.org for more information.

GROMACS is free software; you can redistribute it and/or modify it
under the terms of the GNU Lesser General Public License
as published by the Free Software Foundation; either version 2.1
of the License, or (at your option) any later version.

GROMACS:      gmx mdrun, version 2021.3-MODIFIED
Executable:   /apps/gent/RHEL8/zen3-ampere-ib/software/GROMACS/2021.3-foss-2021a-CUDA-11.3.1/bin/gmx_mpi
Data prefix:  /apps/gent/RHEL8/zen3-ampere-ib/software/GROMACS/2021.3-foss-2021a-CUDA-11.3.1
Working dir:  /kyukon/scratch/gent/457/vsc45761/Q13698_apo/gromacs
Command line:
  gmx_mpi mdrun -ntomp 2 -nb gpu -pme cpu -s step6.6_equilibration.tpr -deffnm step6.6_equilibration

Reading file step6.6_equilibration.tpr, VERSION 2021.3-MODIFIED (single precision)
Changing nstlist from 20 to 100, rlist from 1.213 to 1.329

On host node3901.accelgor.os 2 GPUs selected for this run.
Mapping of GPU IDs to the 24 GPU tasks in the 24 ranks on this node:
  PP:0,PP:0,PP:0,PP:0,PP:0,PP:0,PP:0,PP:0,PP:0,PP:0,PP:0,PP:0,PP:1,PP:1,PP:1,PP:1,PP:1,PP:1,PP:1,PP:1,PP:1,PP:1,PP:1,PP:1
PP tasks will do (non-perturbed) short-ranged and most bonded interactions on the GPU
PP task will update and constrain coordinates on the CPU
Using 24 MPI processes

Non-default thread affinity set, disabling internal thread affinity

Using 2 OpenMP threads per MPI process


NOTE: DLB will not turn on during the first phase of PME tuning
starting mdrun 'Title'
250000 steps,    500.0 ps.

NOTE: DLB can now turn on, when beneficial
