/home/charmm-gui/www/../data/www/9701360621/ppm_652660994e763.pdb               
heteroatoms excluded
atom not in library: OT1  A LEU  1506
atom not in library: OT2  A LEU  1506
Initial optimiz. in hydrocarbon slab with approximate energy functions:
emin=  -167.6 slab thickn.=    26.0
   24 possible transmembrane secondary structure segments
   1 A   48   70  23
   2 A   81  110  30
   3 A  113  145  33
   4 A  162  184  23
   5 A  195  222  28
   6 A  310  341  32
   7 A  431  451  21
   8 A  459  490  32
   9 A  491  516  26
  10 A  523  548  26
  11 A  558  585  28
  12 A  632  671  40
  13 A  791  825  35
  14 A  826  854  29
  15 A  867  890  24
  16 A  891  916  26
  17 A  928  954  27
  18 A 1039 1072  34
  19 A 1119 1137  19
  20 A 1145 1174  30
  21 A 1177 1206  30
  22 A 1233 1252  20
  23 A 1267 1291  25
  24 A 1355 1388  34
Possible transmembrane protein, checking... 
N interact. lipids: 106
#/hom;A; 58;42,45,48-49,51-71,85-107,111,114,117-141,161-218,275,277-295,297-298,309-334,337,421,425,428-429,432-452,463-485,488,491-492,494-516,523,525-546,548-549,552-553,555-581,597,599-617,619-620,632,635-661,663-664,800-819,830-851,859-885,890,892-911,913-915,917-950,997,999-1017,1019-1020,1039-1065,1068,1119-1138,1146,1148-1170,1174,1177-1178,1180-1201,1232-1250,1253-1254,1256-1258,1260-1289,1306,1308-1326,1328-1329,1356-1380
A  51  70    26.  -12.7
A  85 106    23.  -12.8
A 117 141    20.   -9.9
A 162 184    29.   -6.6
A 195 218    32.   -8.8
A 310 334    36.   -9.9
A 432 451    24.  -14.1
A 463 485    20.   -6.2
A 494 516    25.    3.6
A 525 545    32.   -3.1
A 558 581    34.   -9.4
A 635 661    44.   -8.3
A 801 819    22.   -7.3
A 831 851    24.  -11.3
A 867 885    29.  -12.8
A 892 911    26.   -8.4
A 928 950    32.   -6.1
A10401065    37.   -9.0
A11201137    19.  -11.6
A11491170    27.  -13.1
A11801201    24.   -7.6
A12331250    25.   -8.8
A12671288    23.   -5.9
A13561380    32.   -5.9
TMH contribution:  -206.0
Tilt angle:    3.5
/home/char emin=  -219.5 thickn= 30.2+- 0.8 tilt=     4.+-    1.
